# This file was automatically created by FeynRules $Revision: 457 $
# Mathematica version: 7.0 for Mac OS X x86 (64-bit) (November 11, 2008)
# Date: Wed 6 Apr 2011 11:49:56


# 
# This is the logfile for the model RS

# Authors: Priscila de Aquino
# Model version: 2.0
# Checking the Lagrangians
   * All Lagrangians are ok.
#
# Particle definitions
#

   * No particles removed. All particles correspond to GenInt setup.

# Automatically assigned PDG numbers
   * Assigned PDG number 9000001 to particle ghA
   * Assigned PDG number 9000002 to particle ghZ
   * Assigned PDG number 9000003 to particle ghWp
   * Assigned PDG number 9000004 to particle ghWm
   * Assigned PDG number 9000005 to particle ghG
   * Assigned PDG number 9000006 to particle y


# Compulsory PDG codes:
   * Class SM leptons complete.
   * Class SM neutrinos complete.
   * Class SM quarks complete.
   * Class SM gauge bosons complete.
#
# Parameter definitions
#

   * All parameters are ok.


# Vertices
   * Calling FeynmanRules for 1 Lagrangians.
   * Number of classes vertices: 69
   * Number of flavored vertices: 165
   * Saved vertices in InterfaceRun[ 1 ].
   * Checked QNumber conservation.
      - Quantum number GhostNumber conserved in all vertices.
      - Quantum number LeptonNumber conserved in all vertices.
      - Quantum number Q conserved in all vertices.
   * particles.py written.
   * parameters.py written.
#
# Vertex definitions
#

   * 165 vertices written.
   * vertices.py written.
#
# Lorentz structure definitions
#

   * 41 lorentz structures written.
   * lorentz.py written.
#
# Coupling definitions
#

   * 117 couplings written.
   * couplings.py written.
