# This file was automatically created by FeynRules $Revision: 634 $
# Mathematica version: 8.0 for Mac OS X x86 (64-bit) (November 6, 2010)
# Date: Wed 6 Jul 2011 14:07:30


# 
# This is the logfile for the model Standard Model

# Authors: N. Christensen, C. Duhr
# Model version: 1.3
# Checking the Lagrangians
   * All Lagrangians are ok.
#
# Particle definitions
#

   * No particles removed. All particles correspond to GenInt setup.

# Automatically assigned PDG numbers
   * Assigned PDG number 9000001 to particle ghA
   * Assigned PDG number 9000002 to particle ghZ
   * Assigned PDG number 9000003 to particle ghWp
   * Assigned PDG number 9000004 to particle ghWm
   * Assigned PDG number 9000005 to particle ghG


# Compulsory PDG codes:
   * Class SM leptons complete.
   * Class SM neutrinos complete.
   * Class SM quarks complete.
   * Class SM gauge bosons complete.
#
# Parameter definitions
#

   * All parameters are ok.


# Vertices
   * Calling FeynmanRules for 1 Lagrangians.
   * Number of classes vertices: 30
   * Number of flavored vertices: 71
   * Saved vertices in InterfaceRun[ 1 ].
   * Checked QNumber conservation.
      - Quantum number GhostNumber conserved in all vertices.
      - Quantum number LeptonNumber conserved in all vertices.
      - Quantum number Q conserved in all vertices.
   * particles.py written.
   * parameters.py written.
#
# Vertex definitions
#

   * 71 vertices written.
   * vertices.py written.
#
# Lorentz structure definitions
#

   * 16 lorentz structures written.
   * lorentz.py written.
#
# Coupling definitions
#

   * 47 couplings written.
   * couplings.py written.
