# This file was automatically created by FeynRules 2.0.6
# Mathematica version: 8.0 for Mac OS X x86 (64-bit) (February 23, 2011)
# Date: Wed 18 Dec 2013 14:14:58


# 
# This is the logfile for the model taudecay

# Authors: K. Mawatari, J. Nakamura
# Model version: 1.0
# Checking the Quantum numbers
   * Electric charge defined.
# Checking the Lagrangians
   * All Lagrangians are ok.
#
# Particle definitions
#

   * No particles removed. All particles correspond to GenInt setup.



# Compulsory PDG codes:
   * Class SM leptons incomplete. 11, 13 missing.
   * Class SM neutrinos incomplete. 12, 14 missing.
   * Class SM quarks incomplete. 1, 2, 3, 4, 5, 6 missing.
   * Class SM gauge bosons incomplete. 21, 22, 23, 24 missing.
#
# Parameter definitions
#

   * All parameters are ok.


# Vertices
   * Calling FeynmanRules for 1 Lagrangians.
   * Number of classes vertices: 2
   * Number of flavored vertices: 2
   * Saved vertices in InterfaceRun[ 1 ].
   * Checked QNumber conservation.
      - Quantum number LeptonNumber conserved in all vertices.
      - Quantum number Q conserved in all vertices.
   * particles.py written.
   * parameters.py written.
#
# Vertex definitions
#

   * 2 vertices written.
   * vertices.py written.
#
# Lorentz structure definitions
#

   * 1 lorentz structure written.
   * lorentz.py written.
#
# Coupling definitions
#

   * 1 coupling written.
   * couplings.py written.
#
# Coupling order definitions
#

   * 0 couplings orders written.
   * coupling_orders.py written.
