# This file was automatically created by FeynRules 2.4.54
# Mathematica version: 11.0.0 for Linux x86 (64-bit) (July 28, 2016)
# Date: Tue 25 Oct 2016 11:43:57


# 
# This is the logfile for the model Gluons effective operator

# Authors: V.Hirschi
# Checking the Quantum numbers
   * Electric charge defined.
# Checking the Lagrangians
   * All Lagrangians are ok.
#
# Particle definitions
#

   * No particles removed. All particles correspond to GenInt setup.

# Automatically assigned PDG numbers
   * Assigned PDG number 9000001 to particle ghA
   * Assigned PDG number 9000002 to particle ghZ
   * Assigned PDG number 9000003 to particle ghWp
   * Assigned PDG number 9000004 to particle ghWm


# Compulsory PDG codes:
   * Class SM leptons complete.
   * Class SM neutrinos complete.
   * Class SM quarks complete.
   * Class SM gauge bosons complete.
#
# Parameter definitions
#

   * All parameters are ok.


# Vertices
   * Calling FeynmanRules for 1 Lagrangians.
   * Number of classes vertices: 173
   * Number of flavored vertices: 169
   * Saved vertices in InterfaceRun[ 1 ].
   * Checked QNumber conservation.
      - Quantum number GhostNumber conserved in all vertices.
      - Quantum number LeptonNumber conserved in all vertices.
      - Quantum number Q conserved in all vertices.
      - Quantum number Y conserved in all vertices.
   * particles.py written.
   * parameters.py written.
#
# Vertex definitions
#

   * 121 vertices written.
   * vertices.py written.
#
# Lorentz structure definitions
#

   * 427 lorentz structures written.
   * lorentz.py written.
#
# Coupling definitions
#

   * 83 couplings written.
   * couplings.py written.
#
# Coupling order definitions
#

   * 0 couplings orders written.
   * coupling_orders.py written.
#
# Decay definitions
#

   * 6 decays written.
   * decay.py not written
#
# CTCoupling definitions
#

   * 808 CTcouplings written.
   * CT_couplings.py written.
#
# CTVertex definitions
#

   * 145 CTvertices written.
   * CT_vertices.py written.
